2022-05-17 14:09:12,950 INFO org.springframework.boot.web.servlet.AbstractFilterRegistrationBean [restartedMain] Mapping filter: 'hiddenHttpMethodFilter' to: [/*]
2022-05-17 14:09:12,953 INFO org.springframework.boot.web.servlet.AbstractFilterRegistrationBean [restartedMain] Mapping filter: 'formContentFilter' to: [/*]
2022-05-17 14:09:12,953 INFO org.springframework.boot.web.servlet.AbstractFilterRegistrationBean [restartedMain] Mapping filter: 'requestContextFilter' to: [/*]
2022-05-17 14:09:13,279 WARN org.springframework.boot.devtools.autoconfigure.OptionalLiveReloadServer [restartedMain] Unable to start LiveReload server
2022-05-17 14:09:13,521 WARN com.netflix.config.sources.URLConfigurationSource [restartedMain] No URLs will be polled as dynamic configuration sources.
2022-05-17 14:09:13,521 INFO com.netflix.config.sources.URLConfigurationSource [restartedMain] To enable URLs as dynamic configuration sources, define System property archaius.configurationSource.additionalUrls or make config.properties available on classpath.
2022-05-17 14:09:13,550 WARN com.netflix.config.sources.URLConfigurationSource [restartedMain] No URLs will be polled as dynamic configuration sources.
2022-05-17 14:09:13,553 INFO com.netflix.config.sources.URLConfigurationSource [restartedMain] To enable URLs as dynamic configuration sources, define System property archaius.configurationSource.additionalUrls or make config.properties available on classpath.
2022-05-17 14:09:13,919 INFO org.springframework.scheduling.concurrent.ExecutorConfigurationSupport [restartedMain] Initializing ExecutorService 'applicationTaskExecutor'
2022-05-17 14:09:15,809 INFO org.springframework.cloud.netflix.eureka.InstanceInfoFactory [restartedMain] Setting initial instance status as: STARTING
2022-05-17 14:09:15,897 INFO com.netflix.discovery.DiscoveryClient [restartedMain] Initializing Eureka in region us-east-1
2022-05-17 14:09:16,183 INFO com.netflix.discovery.provider.DiscoveryJerseyProvider [restartedMain] Using JSON encoding codec LegacyJacksonJson
2022-05-17 14:09:16,184 INFO com.netflix.discovery.provider.DiscoveryJerseyProvider [restartedMain] Using JSON decoding codec LegacyJacksonJson
2022-05-17 14:09:16,460 INFO com.netflix.discovery.provider.DiscoveryJerseyProvider [restartedMain] Using XML encoding codec XStreamXml
2022-05-17 14:09:16,460 INFO com.netflix.discovery.provider.DiscoveryJerseyProvider [restartedMain] Using XML decoding codec XStreamXml
2022-05-17 14:09:16,730 INFO com.netflix.discovery.shared.resolver.aws.ConfigClusterResolver [restartedMain] Resolving eureka endpoints via configuration
2022-05-17 14:09:17,004 INFO com.netflix.discovery.DiscoveryClient [restartedMain] Disable delta property : false
2022-05-17 14:09:17,007 INFO com.netflix.discovery.DiscoveryClient [restartedMain] Single vip registry refresh property : null
2022-05-17 14:09:17,008 INFO com.netflix.discovery.DiscoveryClient [restartedMain] Force full registry fetch : false
2022-05-17 14:09:17,009 INFO com.netflix.discovery.DiscoveryClient [restartedMain] Application is null : false
2022-05-17 14:09:17,009 INFO com.netflix.discovery.DiscoveryClient [restartedMain] Registered Applications size is zero : true
2022-05-17 14:09:17,010 INFO com.netflix.discovery.DiscoveryClient [restartedMain] Application version is -1: true
2022-05-17 14:09:17,011 INFO com.netflix.discovery.DiscoveryClient [restartedMain] Getting all instance registry info from the eureka server
2022-05-17 14:09:17,418 INFO com.netflix.discovery.DiscoveryClient [restartedMain] The response status is 200
2022-05-17 14:09:17,424 INFO com.netflix.discovery.DiscoveryClient [restartedMain] Starting heartbeat executor: renew interval is: 30
2022-05-17 14:09:17,429 INFO com.netflix.discovery.InstanceInfoReplicator [restartedMain] InstanceInfoReplicator onDemand update allowed rate per min is 4
2022-05-17 14:09:17,432 INFO com.netflix.discovery.DiscoveryClient [restartedMain] Discovery Client initialized at timestamp 1652814557432 with initial instances count: 1
2022-05-17 14:09:17,441 INFO org.springframework.cloud.netflix.eureka.serviceregistry.EurekaServiceRegistry [restartedMain] Registering application API-ITEMS with eureka with status UP
2022-05-17 14:09:17,444 INFO com.netflix.discovery.DiscoveryClient$3 [restartedMain] Saw local status change event StatusChangeEvent [timestamp=1652814557444, current=UP, previous=STARTING]
2022-05-17 14:09:17,448 INFO com.netflix.discovery.DiscoveryClient [DiscoveryClient-InstanceInfoReplicator-0] DiscoveryClient_API-ITEMS/LAPTOP-IQ104NSE:api-items:8002: registering service...
2022-05-17 14:09:17,462 INFO org.apache.juli.logging.DirectJDKLog [restartedMain] Starting ProtocolHandler ["http-nio-8002"]
2022-05-17 14:09:17,484 INFO org.apache.juli.logging.DirectJDKLog [restartedMain] Using a shared selector for servlet write/read
2022-05-17 14:09:17,514 INFO com.netflix.discovery.DiscoveryClient [DiscoveryClient-InstanceInfoReplicator-0] DiscoveryClient_API-ITEMS/LAPTOP-IQ104NSE:api-items:8002 - registration status: 204
2022-05-17 14:09:17,519 INFO org.springframework.boot.web.embedded.tomcat.TomcatWebServer [restartedMain] Tomcat started on port(s): 8002 (http) with context path '/api/vi/rest-items'
2022-05-17 14:09:17,519 INFO org.springframework.cloud.netflix.eureka.serviceregistry.EurekaAutoServiceRegistration [restartedMain] Updating port to 8002
2022-05-17 14:09:17,913 INFO org.springframework.boot.StartupInfoLogger [restartedMain] Started RestItemsTApplication in 10.974 seconds (JVM running for 12.938)
2022-05-17 14:09:39,752 INFO org.apache.juli.logging.DirectJDKLog [http-nio-8002-exec-4] Initializing Spring DispatcherServlet 'dispatcherServlet'
2022-05-17 14:09:39,755 INFO org.springframework.web.servlet.FrameworkServlet [http-nio-8002-exec-4] Initializing Servlet 'dispatcherServlet'
2022-05-17 14:09:39,795 INFO org.springframework.web.servlet.FrameworkServlet [http-nio-8002-exec-4] Completed initialization in 40 ms
2022-05-17 14:09:40,937 INFO com.netflix.config.ChainedDynamicProperty$ChainLink [http-nio-8002-exec-4] Flipping property: api-productos.ribbon.ActiveConnectionsLimit to use NEXT property: niws.loadbalancer.availabilityFilteringRule.activeConnectionsLimit = 2147483647
2022-05-17 14:09:41,124 INFO com.netflix.util.concurrent.ShutdownEnabledTimer [http-nio-8002-exec-4] Shutdown hook installed for: NFLoadBalancer-PingTimer-api-productos
2022-05-17 14:09:41,126 INFO com.netflix.loadbalancer.BaseLoadBalancer [http-nio-8002-exec-4] Client: api-productos instantiated a LoadBalancer: DynamicServerListLoadBalancer:{NFLoadBalancer:name=api-productos,current list of Servers=[],Load balancer stats=Zone stats: {},Server stats: []}ServerList:null
2022-05-17 14:09:41,156 INFO com.netflix.loadbalancer.DynamicServerListLoadBalancer [http-nio-8002-exec-4] Using serverListUpdater PollingServerListUpdater
2022-05-17 14:09:41,254 INFO com.netflix.config.ChainedDynamicProperty$ChainLink [http-nio-8002-exec-4] Flipping property: api-productos.ribbon.ActiveConnectionsLimit to use NEXT property: niws.loadbalancer.availabilityFilteringRule.activeConnectionsLimit = 2147483647
2022-05-17 14:09:41,269 INFO com.netflix.loadbalancer.DynamicServerListLoadBalancer [http-nio-8002-exec-4] DynamicServerListLoadBalancer for client api-productos initialized: DynamicServerListLoadBalancer:{NFLoadBalancer:name=api-productos,current list of Servers=[LAPTOP-IQ104NSE:60054],Load balancer stats=Zone stats: {defaultzone=[Zone:defaultzone;	Instance count:1;	Active connections count: 0;	Circuit breaker tripped count: 0;	Active connections per server: 0.0;]
},Server stats: [[Server:LAPTOP-IQ104NSE:60054;	Zone:defaultZone;	Total Requests:0;	Successive connection failure:0;	Total blackout seconds:0;	Last connection made:Wed Dec 31 18:00:00 CST 1969;	First connection made: Wed Dec 31 18:00:00 CST 1969;	Active Connections:0;	total failure count in last (1000) msecs:0;	average resp time:0.0;	90 percentile resp time:0.0;	95 percentile resp time:0.0;	min resp time:0.0;	max resp time:0.0;	stddev resp time:0.0]
]}ServerList:org.springframework.cloud.netflix.ribbon.eureka.DomainExtractingServerList@7c0fe774
2022-05-17 14:09:42,174 INFO com.netflix.config.ChainedDynamicProperty$ChainLink [PollingServerListUpdater-0] Flipping property: api-productos.ribbon.ActiveConnectionsLimit to use NEXT property: niws.loadbalancer.availabilityFilteringRule.activeConnectionsLimit = 2147483647
2022-05-17 14:09:53,082 INFO com.ibm.academia.restapi.items.controladores.ArticuloController [hystrix-ArticuloController-1] Mensaje: 500 nullcausa: null
2022-05-17 14:09:58,706 INFO com.ibm.academia.restapi.items.controladores.ArticuloController [hystrix-ArticuloController-2] Mensaje: 500 nullcausa: null
2022-05-17 14:10:00,253 INFO com.ibm.academia.restapi.items.controladores.ArticuloController [hystrix-ArticuloController-3] Mensaje: 500 nullcausa: null
2022-05-17 14:10:26,467 INFO com.ibm.academia.restapi.items.controladores.ArticuloController [hystrix-ArticuloController-4] Mensaje: 500 nullcausa: null
2022-05-17 14:10:27,921 INFO com.ibm.academia.restapi.items.controladores.ArticuloController [hystrix-ArticuloController-5] Mensaje: 500 nullcausa: null
2022-05-17 14:10:28,990 INFO com.ibm.academia.restapi.items.controladores.ArticuloController [hystrix-ArticuloController-6] Mensaje: 500 nullcausa: null
2022-05-17 14:10:29,984 INFO com.ibm.academia.restapi.items.controladores.ArticuloController [hystrix-ArticuloController-7] Mensaje: 500 nullcausa: null
2022-05-17 14:10:48,901 INFO com.ibm.academia.restapi.items.controladores.ArticuloController [hystrix-ArticuloController-8] Mensaje: 500 nullcausa: null
2022-05-17 14:13:41,371 INFO com.ibm.academia.restapi.items.controladores.ArticuloController [hystrix-ArticuloController-9] Mensaje: I/O error on GET request for "http://api-productos/api/vi/rest-productos/producto/ver-detalle/id/2": Connection refused: connect; nested exception is java.net.ConnectException: Connection refused: connectcausa: java.net.ConnectException: Connection refused: connect
2022-05-17 14:13:50,990 INFO com.ibm.academia.restapi.items.controladores.ArticuloController [hystrix-ArticuloController-10] Mensaje: No instances available for api-productoscausa: null
2022-05-17 14:13:54,477 INFO com.ibm.academia.restapi.items.controladores.ArticuloController [hystrix-ArticuloController-10] Mensaje: No instances available for api-productoscausa: null
2022-05-17 14:13:58,962 ERROR org.apache.juli.logging.DirectJDKLog [http-nio-8002-exec-10] Servlet.service() for servlet [dispatcherServlet] in context with path [/api/vi/rest-items] threw exception [Request processing failed; nested exception is java.lang.IllegalStateException: No instances available for api-productos] with root cause
java.lang.IllegalStateException: No instances available for api-productos
	at org.springframework.cloud.netflix.ribbon.RibbonLoadBalancerClient.execute(RibbonLoadBalancerClient.java:119)
	at org.springframework.cloud.netflix.ribbon.RibbonLoadBalancerClient.execute(RibbonLoadBalancerClient.java:99)
	at org.springframework.cloud.client.loadbalancer.LoadBalancerInterceptor.intercept(LoadBalancerInterceptor.java:58)
	at org.springframework.http.client.InterceptingClientHttpRequest$InterceptingRequestExecution.execute(InterceptingClientHttpRequest.java:92)
	at org.springframework.http.client.InterceptingClientHttpRequest.executeInternal(InterceptingClientHttpRequest.java:76)
	at org.springframework.http.client.AbstractBufferingClientHttpRequest.executeInternal(AbstractBufferingClientHttpRequest.java:48)
	at org.springframework.http.client.AbstractClientHttpRequest.execute(AbstractClientHttpRequest.java:53)
	at org.springframework.web.client.RestTemplate.doExecute(RestTemplate.java:734)
	at org.springframework.web.client.RestTemplate.execute(RestTemplate.java:669)
	at org.springframework.web.client.RestTemplate.getForObject(RestTemplate.java:310)
	at com.ibm.academia.restapi.items.servicios.IArticuloServiceImpl.buscarTodosArticulos(IArticuloServiceImpl.java:21)
	at com.ibm.academia.restapi.items.controladores.ArticuloController.consultarTodoArticulo(ArticuloController.java:43)
	at com.ibm.academia.restapi.items.controladores.ArticuloController$$FastClassBySpringCGLIB$$1fa4892c.invoke(<generated>)
	at org.springframework.cglib.proxy.MethodProxy.invoke(MethodProxy.java:218)
	at org.springframework.aop.framework.CglibAopProxy$CglibMethodInvocation.invokeJoinpoint(CglibAopProxy.java:746)
	at org.springframework.aop.framework.ReflectiveMethodInvocation.proceed(ReflectiveMethodInvocation.java:163)
	at org.springframework.aop.interceptor.ExposeInvocationInterceptor.invoke(ExposeInvocationInterceptor.java:93)
	at org.springframework.aop.framework.ReflectiveMethodInvocation.proceed(ReflectiveMethodInvocation.java:186)
	at org.springframework.aop.framework.CglibAopProxy$DynamicAdvisedInterceptor.intercept(CglibAopProxy.java:688)
	at com.ibm.academia.restapi.items.controladores.ArticuloController$$EnhancerBySpringCGLIB$$ca61f16f.consultarTodoArticulo(<generated>)
	at java.base/jdk.internal.reflect.NativeMethodAccessorImpl.invoke0(Native Method)
	at java.base/jdk.internal.reflect.NativeMethodAccessorImpl.invoke(NativeMethodAccessorImpl.java:62)
	at java.base/jdk.internal.reflect.DelegatingMethodAccessorImpl.invoke(DelegatingMethodAccessorImpl.java:43)
	at java.base/java.lang.reflect.Method.invoke(Method.java:566)
	at org.springframework.web.method.support.InvocableHandlerMethod.doInvoke(InvocableHandlerMethod.java:215)
	at org.springframework.web.method.support.InvocableHandlerMethod.invokeForRequest(InvocableHandlerMethod.java:142)
	at org.springframework.web.servlet.mvc.method.annotation.ServletInvocableHandlerMethod.invokeAndHandle(ServletInvocableHandlerMethod.java:102)
	at org.springframework.web.servlet.mvc.method.annotation.RequestMappingHandlerAdapter.invokeHandlerMethod(RequestMappingHandlerAdapter.java:895)
	at org.springframework.web.servlet.mvc.method.annotation.RequestMappingHandlerAdapter.handleInternal(RequestMappingHandlerAdapter.java:800)
	at org.springframework.web.servlet.mvc.method.AbstractHandlerMethodAdapter.handle(AbstractHandlerMethodAdapter.java:87)
	at org.springframework.web.servlet.DispatcherServlet.doDispatch(DispatcherServlet.java:1038)
	at org.springframework.web.servlet.DispatcherServlet.doService(DispatcherServlet.java:942)
	at org.springframework.web.servlet.FrameworkServlet.processRequest(FrameworkServlet.java:998)
	at org.springframework.web.servlet.FrameworkServlet.doGet(FrameworkServlet.java:890)
	at javax.servlet.http.HttpServlet.service(HttpServlet.java:634)
	at org.springframework.web.servlet.FrameworkServlet.service(FrameworkServlet.java:875)
	at javax.servlet.http.HttpServlet.service(HttpServlet.java:741)
	at org.apache.catalina.core.ApplicationFilterChain.internalDoFilter(ApplicationFilterChain.java:231)
	at org.apache.catalina.core.ApplicationFilterChain.doFilter(ApplicationFilterChain.java:166)
	at org.apache.tomcat.websocket.server.WsFilter.doFilter(WsFilter.java:53)
	at org.apache.catalina.core.ApplicationFilterChain.internalDoFilter(ApplicationFilterChain.java:193)
	at org.apache.catalina.core.ApplicationFilterChain.doFilter(ApplicationFilterChain.java:166)
	at org.springframework.web.filter.RequestContextFilter.doFilterInternal(RequestContextFilter.java:99)
	at org.springframework.web.filter.OncePerRequestFilter.doFilter(OncePerRequestFilter.java:107)
	at org.apache.catalina.core.ApplicationFilterChain.internalDoFilter(ApplicationFilterChain.java:193)
	at org.apache.catalina.core.ApplicationFilterChain.doFilter(ApplicationFilterChain.java:166)
	at org.springframework.web.filter.FormContentFilter.doFilterInternal(FormContentFilter.java:92)
	at org.springframework.web.filter.OncePerRequestFilter.doFilter(OncePerRequestFilter.java:107)
	at org.apache.catalina.core.ApplicationFilterChain.internalDoFilter(ApplicationFilterChain.java:193)
	at org.apache.catalina.core.ApplicationFilterChain.doFilter(ApplicationFilterChain.java:166)
	at org.springframework.web.filter.HiddenHttpMethodFilter.doFilterInternal(HiddenHttpMethodFilter.java:93)
	at org.springframework.web.filter.OncePerRequestFilter.doFilter(OncePerRequestFilter.java:107)
	at org.apache.catalina.core.ApplicationFilterChain.internalDoFilter(ApplicationFilterChain.java:193)
	at org.apache.catalina.core.ApplicationFilterChain.doFilter(ApplicationFilterChain.java:166)
	at org.springframework.web.filter.CharacterEncodingFilter.doFilterInternal(CharacterEncodingFilter.java:200)
	at org.springframework.web.filter.OncePerRequestFilter.doFilter(OncePerRequestFilter.java:107)
	at org.apache.catalina.core.ApplicationFilterChain.internalDoFilter(ApplicationFilterChain.java:193)
	at org.apache.catalina.core.ApplicationFilterChain.doFilter(ApplicationFilterChain.java:166)
	at org.apache.catalina.core.StandardWrapperValve.invoke(StandardWrapperValve.java:199)
	at org.apache.catalina.core.StandardContextValve.invoke(StandardContextValve.java:96)
	at org.apache.catalina.authenticator.AuthenticatorBase.invoke(AuthenticatorBase.java:490)
	at org.apache.catalina.core.StandardHostValve.invoke(StandardHostValve.java:139)
	at org.apache.catalina.valves.ErrorReportValve.invoke(ErrorReportValve.java:92)
	at org.apache.catalina.core.StandardEngineValve.invoke(StandardEngineValve.java:74)
	at org.apache.catalina.connector.CoyoteAdapter.service(CoyoteAdapter.java:343)
	at org.apache.coyote.http11.Http11Processor.service(Http11Processor.java:408)
	at org.apache.coyote.AbstractProcessorLight.process(AbstractProcessorLight.java:66)
	at org.apache.coyote.AbstractProtocol$ConnectionHandler.process(AbstractProtocol.java:770)
	at org.apache.tomcat.util.net.NioEndpoint$SocketProcessor.doRun(NioEndpoint.java:1415)
	at org.apache.tomcat.util.net.SocketProcessorBase.run(SocketProcessorBase.java:49)
	at java.base/java.util.concurrent.ThreadPoolExecutor.runWorker(ThreadPoolExecutor.java:1128)
	at java.base/java.util.concurrent.ThreadPoolExecutor$Worker.run(ThreadPoolExecutor.java:628)
	at org.apache.tomcat.util.threads.TaskThread$WrappingRunnable.run(TaskThread.java:61)
	at java.base/java.lang.Thread.run(Thread.java:834)
2022-05-17 14:14:02,210 ERROR org.apache.juli.logging.DirectJDKLog [http-nio-8002-exec-4] Servlet.service() for servlet [dispatcherServlet] in context with path [/api/vi/rest-items] threw exception [Request processing failed; nested exception is java.lang.IllegalStateException: No instances available for api-productos] with root cause
java.lang.IllegalStateException: No instances available for api-productos
	at org.springframework.cloud.netflix.ribbon.RibbonLoadBalancerClient.execute(RibbonLoadBalancerClient.java:119)
	at org.springframework.cloud.netflix.ribbon.RibbonLoadBalancerClient.execute(RibbonLoadBalancerClient.java:99)
	at org.springframework.cloud.client.loadbalancer.LoadBalancerInterceptor.intercept(LoadBalancerInterceptor.java:58)
	at org.springframework.http.client.InterceptingClientHttpRequest$InterceptingRequestExecution.execute(InterceptingClientHttpRequest.java:92)
	at org.springframework.http.client.InterceptingClientHttpRequest.executeInternal(InterceptingClientHttpRequest.java:76)
	at org.springframework.http.client.AbstractBufferingClientHttpRequest.executeInternal(AbstractBufferingClientHttpRequest.java:48)
	at org.springframework.http.client.AbstractClientHttpRequest.execute(AbstractClientHttpRequest.java:53)
	at org.springframework.web.client.RestTemplate.doExecute(RestTemplate.java:734)
	at org.springframework.web.client.RestTemplate.execute(RestTemplate.java:669)
	at org.springframework.web.client.RestTemplate.getForObject(RestTemplate.java:310)
	at com.ibm.academia.restapi.items.servicios.IArticuloServiceImpl.buscarTodosArticulos(IArticuloServiceImpl.java:21)
	at com.ibm.academia.restapi.items.controladores.ArticuloController.consultarTodoArticulo(ArticuloController.java:43)
	at com.ibm.academia.restapi.items.controladores.ArticuloController$$FastClassBySpringCGLIB$$1fa4892c.invoke(<generated>)
	at org.springframework.cglib.proxy.MethodProxy.invoke(MethodProxy.java:218)
	at org.springframework.aop.framework.CglibAopProxy$CglibMethodInvocation.invokeJoinpoint(CglibAopProxy.java:746)
	at org.springframework.aop.framework.ReflectiveMethodInvocation.proceed(ReflectiveMethodInvocation.java:163)
	at org.springframework.aop.interceptor.ExposeInvocationInterceptor.invoke(ExposeInvocationInterceptor.java:93)
	at org.springframework.aop.framework.ReflectiveMethodInvocation.proceed(ReflectiveMethodInvocation.java:186)
	at org.springframework.aop.framework.CglibAopProxy$DynamicAdvisedInterceptor.intercept(CglibAopProxy.java:688)
	at com.ibm.academia.restapi.items.controladores.ArticuloController$$EnhancerBySpringCGLIB$$ca61f16f.consultarTodoArticulo(<generated>)
	at java.base/jdk.internal.reflect.NativeMethodAccessorImpl.invoke0(Native Method)
	at java.base/jdk.internal.reflect.NativeMethodAccessorImpl.invoke(NativeMethodAccessorImpl.java:62)
	at java.base/jdk.internal.reflect.DelegatingMethodAccessorImpl.invoke(DelegatingMethodAccessorImpl.java:43)
	at java.base/java.lang.reflect.Method.invoke(Method.java:566)
	at org.springframework.web.method.support.InvocableHandlerMethod.doInvoke(InvocableHandlerMethod.java:215)
	at org.springframework.web.method.support.InvocableHandlerMethod.invokeForRequest(InvocableHandlerMethod.java:142)
	at org.springframework.web.servlet.mvc.method.annotation.ServletInvocableHandlerMethod.invokeAndHandle(ServletInvocableHandlerMethod.java:102)
	at org.springframework.web.servlet.mvc.method.annotation.RequestMappingHandlerAdapter.invokeHandlerMethod(RequestMappingHandlerAdapter.java:895)
	at org.springframework.web.servlet.mvc.method.annotation.RequestMappingHandlerAdapter.handleInternal(RequestMappingHandlerAdapter.java:800)
	at org.springframework.web.servlet.mvc.method.AbstractHandlerMethodAdapter.handle(AbstractHandlerMethodAdapter.java:87)
	at org.springframework.web.servlet.DispatcherServlet.doDispatch(DispatcherServlet.java:1038)
	at org.springframework.web.servlet.DispatcherServlet.doService(DispatcherServlet.java:942)
	at org.springframework.web.servlet.FrameworkServlet.processRequest(FrameworkServlet.java:998)
	at org.springframework.web.servlet.FrameworkServlet.doGet(FrameworkServlet.java:890)
	at javax.servlet.http.HttpServlet.service(HttpServlet.java:634)
	at org.springframework.web.servlet.FrameworkServlet.service(FrameworkServlet.java:875)
	at javax.servlet.http.HttpServlet.service(HttpServlet.java:741)
	at org.apache.catalina.core.ApplicationFilterChain.internalDoFilter(ApplicationFilterChain.java:231)
	at org.apache.catalina.core.ApplicationFilterChain.doFilter(ApplicationFilterChain.java:166)
	at org.apache.tomcat.websocket.server.WsFilter.doFilter(WsFilter.java:53)
	at org.apache.catalina.core.ApplicationFilterChain.internalDoFilter(ApplicationFilterChain.java:193)
	at org.apache.catalina.core.ApplicationFilterChain.doFilter(ApplicationFilterChain.java:166)
	at org.springframework.web.filter.RequestContextFilter.doFilterInternal(RequestContextFilter.java:99)
	at org.springframework.web.filter.OncePerRequestFilter.doFilter(OncePerRequestFilter.java:107)
	at org.apache.catalina.core.ApplicationFilterChain.internalDoFilter(ApplicationFilterChain.java:193)
	at org.apache.catalina.core.ApplicationFilterChain.doFilter(ApplicationFilterChain.java:166)
	at org.springframework.web.filter.FormContentFilter.doFilterInternal(FormContentFilter.java:92)
	at org.springframework.web.filter.OncePerRequestFilter.doFilter(OncePerRequestFilter.java:107)
	at org.apache.catalina.core.ApplicationFilterChain.internalDoFilter(ApplicationFilterChain.java:193)
	at org.apache.catalina.core.ApplicationFilterChain.doFilter(ApplicationFilterChain.java:166)
	at org.springframework.web.filter.HiddenHttpMethodFilter.doFilterInternal(HiddenHttpMethodFilter.java:93)
	at org.springframework.web.filter.OncePerRequestFilter.doFilter(OncePerRequestFilter.java:107)
	at org.apache.catalina.core.ApplicationFilterChain.internalDoFilter(ApplicationFilterChain.java:193)
	at org.apache.catalina.core.ApplicationFilterChain.doFilter(ApplicationFilterChain.java:166)
	at org.springframework.web.filter.CharacterEncodingFilter.doFilterInternal(CharacterEncodingFilter.java:200)
	at org.springframework.web.filter.OncePerRequestFilter.doFilter(OncePerRequestFilter.java:107)
	at org.apache.catalina.core.ApplicationFilterChain.internalDoFilter(ApplicationFilterChain.java:193)
	at org.apache.catalina.core.ApplicationFilterChain.doFilter(ApplicationFilterChain.java:166)
	at org.apache.catalina.core.StandardWrapperValve.invoke(StandardWrapperValve.java:199)
	at org.apache.catalina.core.StandardContextValve.invoke(StandardContextValve.java:96)
	at org.apache.catalina.authenticator.AuthenticatorBase.invoke(AuthenticatorBase.java:490)
	at org.apache.catalina.core.StandardHostValve.invoke(StandardHostValve.java:139)
	at org.apache.catalina.valves.ErrorReportValve.invoke(ErrorReportValve.java:92)
	at org.apache.catalina.core.StandardEngineValve.invoke(StandardEngineValve.java:74)
	at org.apache.catalina.connector.CoyoteAdapter.service(CoyoteAdapter.java:343)
	at org.apache.coyote.http11.Http11Processor.service(Http11Processor.java:408)
	at org.apache.coyote.AbstractProcessorLight.process(AbstractProcessorLight.java:66)
	at org.apache.coyote.AbstractProtocol$ConnectionHandler.process(AbstractProtocol.java:770)
	at org.apache.tomcat.util.net.NioEndpoint$SocketProcessor.doRun(NioEndpoint.java:1415)
	at org.apache.tomcat.util.net.SocketProcessorBase.run(SocketProcessorBase.java:49)
	at java.base/java.util.concurrent.ThreadPoolExecutor.runWorker(ThreadPoolExecutor.java:1128)
	at java.base/java.util.concurrent.ThreadPoolExecutor$Worker.run(ThreadPoolExecutor.java:628)
	at org.apache.tomcat.util.threads.TaskThread$WrappingRunnable.run(TaskThread.java:61)
	at java.base/java.lang.Thread.run(Thread.java:834)
2022-05-17 14:14:10,174 ERROR org.apache.juli.logging.DirectJDKLog [http-nio-8002-exec-2] Servlet.service() for servlet [dispatcherServlet] in context with path [/api/vi/rest-items] threw exception [Request processing failed; nested exception is java.lang.IllegalStateException: No instances available for api-productos] with root cause
java.lang.IllegalStateException: No instances available for api-productos
	at org.springframework.cloud.netflix.ribbon.RibbonLoadBalancerClient.execute(RibbonLoadBalancerClient.java:119)
	at org.springframework.cloud.netflix.ribbon.RibbonLoadBalancerClient.execute(RibbonLoadBalancerClient.java:99)
	at org.springframework.cloud.client.loadbalancer.LoadBalancerInterceptor.intercept(LoadBalancerInterceptor.java:58)
	at org.springframework.http.client.InterceptingClientHttpRequest$InterceptingRequestExecution.execute(InterceptingClientHttpRequest.java:92)
	at org.springframework.http.client.InterceptingClientHttpRequest.executeInternal(InterceptingClientHttpRequest.java:76)
	at org.springframework.http.client.AbstractBufferingClientHttpRequest.executeInternal(AbstractBufferingClientHttpRequest.java:48)
	at org.springframework.http.client.AbstractClientHttpRequest.execute(AbstractClientHttpRequest.java:53)
	at org.springframework.web.client.RestTemplate.doExecute(RestTemplate.java:734)
	at org.springframework.web.client.RestTemplate.execute(RestTemplate.java:669)
	at org.springframework.web.client.RestTemplate.getForObject(RestTemplate.java:310)
	at com.ibm.academia.restapi.items.servicios.IArticuloServiceImpl.buscarTodosArticulos(IArticuloServiceImpl.java:21)
	at com.ibm.academia.restapi.items.controladores.ArticuloController.consultarTodoArticulo(ArticuloController.java:43)
	at com.ibm.academia.restapi.items.controladores.ArticuloController$$FastClassBySpringCGLIB$$1fa4892c.invoke(<generated>)
	at org.springframework.cglib.proxy.MethodProxy.invoke(MethodProxy.java:218)
	at org.springframework.aop.framework.CglibAopProxy$CglibMethodInvocation.invokeJoinpoint(CglibAopProxy.java:746)
	at org.springframework.aop.framework.ReflectiveMethodInvocation.proceed(ReflectiveMethodInvocation.java:163)
	at org.springframework.aop.interceptor.ExposeInvocationInterceptor.invoke(ExposeInvocationInterceptor.java:93)
	at org.springframework.aop.framework.ReflectiveMethodInvocation.proceed(ReflectiveMethodInvocation.java:186)
	at org.springframework.aop.framework.CglibAopProxy$DynamicAdvisedInterceptor.intercept(CglibAopProxy.java:688)
	at com.ibm.academia.restapi.items.controladores.ArticuloController$$EnhancerBySpringCGLIB$$ca61f16f.consultarTodoArticulo(<generated>)
	at java.base/jdk.internal.reflect.NativeMethodAccessorImpl.invoke0(Native Method)
	at java.base/jdk.internal.reflect.NativeMethodAccessorImpl.invoke(NativeMethodAccessorImpl.java:62)
	at java.base/jdk.internal.reflect.DelegatingMethodAccessorImpl.invoke(DelegatingMethodAccessorImpl.java:43)
	at java.base/java.lang.reflect.Method.invoke(Method.java:566)
	at org.springframework.web.method.support.InvocableHandlerMethod.doInvoke(InvocableHandlerMethod.java:215)
	at org.springframework.web.method.support.InvocableHandlerMethod.invokeForRequest(InvocableHandlerMethod.java:142)
	at org.springframework.web.servlet.mvc.method.annotation.ServletInvocableHandlerMethod.invokeAndHandle(ServletInvocableHandlerMethod.java:102)
	at org.springframework.web.servlet.mvc.method.annotation.RequestMappingHandlerAdapter.invokeHandlerMethod(RequestMappingHandlerAdapter.java:895)
	at org.springframework.web.servlet.mvc.method.annotation.RequestMappingHandlerAdapter.handleInternal(RequestMappingHandlerAdapter.java:800)
	at org.springframework.web.servlet.mvc.method.AbstractHandlerMethodAdapter.handle(AbstractHandlerMethodAdapter.java:87)
	at org.springframework.web.servlet.DispatcherServlet.doDispatch(DispatcherServlet.java:1038)
	at org.springframework.web.servlet.DispatcherServlet.doService(DispatcherServlet.java:942)
	at org.springframework.web.servlet.FrameworkServlet.processRequest(FrameworkServlet.java:998)
	at org.springframework.web.servlet.FrameworkServlet.doGet(FrameworkServlet.java:890)
	at javax.servlet.http.HttpServlet.service(HttpServlet.java:634)
	at org.springframework.web.servlet.FrameworkServlet.service(FrameworkServlet.java:875)
	at javax.servlet.http.HttpServlet.service(HttpServlet.java:741)
	at org.apache.catalina.core.ApplicationFilterChain.internalDoFilter(ApplicationFilterChain.java:231)
	at org.apache.catalina.core.ApplicationFilterChain.doFilter(ApplicationFilterChain.java:166)
	at org.apache.tomcat.websocket.server.WsFilter.doFilter(WsFilter.java:53)
	at org.apache.catalina.core.ApplicationFilterChain.internalDoFilter(ApplicationFilterChain.java:193)
	at org.apache.catalina.core.ApplicationFilterChain.doFilter(ApplicationFilterChain.java:166)
	at org.springframework.web.filter.RequestContextFilter.doFilterInternal(RequestContextFilter.java:99)
	at org.springframework.web.filter.OncePerRequestFilter.doFilter(OncePerRequestFilter.java:107)
	at org.apache.catalina.core.ApplicationFilterChain.internalDoFilter(ApplicationFilterChain.java:193)
	at org.apache.catalina.core.ApplicationFilterChain.doFilter(ApplicationFilterChain.java:166)
	at org.springframework.web.filter.FormContentFilter.doFilterInternal(FormContentFilter.java:92)
	at org.springframework.web.filter.OncePerRequestFilter.doFilter(OncePerRequestFilter.java:107)
	at org.apache.catalina.core.ApplicationFilterChain.internalDoFilter(ApplicationFilterChain.java:193)
	at org.apache.catalina.core.ApplicationFilterChain.doFilter(ApplicationFilterChain.java:166)
	at org.springframework.web.filter.HiddenHttpMethodFilter.doFilterInternal(HiddenHttpMethodFilter.java:93)
	at org.springframework.web.filter.OncePerRequestFilter.doFilter(OncePerRequestFilter.java:107)
	at org.apache.catalina.core.ApplicationFilterChain.internalDoFilter(ApplicationFilterChain.java:193)
	at org.apache.catalina.core.ApplicationFilterChain.doFilter(ApplicationFilterChain.java:166)
	at org.springframework.web.filter.CharacterEncodingFilter.doFilterInternal(CharacterEncodingFilter.java:200)
	at org.springframework.web.filter.OncePerRequestFilter.doFilter(OncePerRequestFilter.java:107)
	at org.apache.catalina.core.ApplicationFilterChain.internalDoFilter(ApplicationFilterChain.java:193)
	at org.apache.catalina.core.ApplicationFilterChain.doFilter(ApplicationFilterChain.java:166)
	at org.apache.catalina.core.StandardWrapperValve.invoke(StandardWrapperValve.java:199)
	at org.apache.catalina.core.StandardContextValve.invoke(StandardContextValve.java:96)
	at org.apache.catalina.authenticator.AuthenticatorBase.invoke(AuthenticatorBase.java:490)
	at org.apache.catalina.core.StandardHostValve.invoke(StandardHostValve.java:139)
	at org.apache.catalina.valves.ErrorReportValve.invoke(ErrorReportValve.java:92)
	at org.apache.catalina.core.StandardEngineValve.invoke(StandardEngineValve.java:74)
	at org.apache.catalina.connector.CoyoteAdapter.service(CoyoteAdapter.java:343)
	at org.apache.coyote.http11.Http11Processor.service(Http11Processor.java:408)
	at org.apache.coyote.AbstractProcessorLight.process(AbstractProcessorLight.java:66)
	at org.apache.coyote.AbstractProtocol$ConnectionHandler.process(AbstractProtocol.java:770)
	at org.apache.tomcat.util.net.NioEndpoint$SocketProcessor.doRun(NioEndpoint.java:1415)
	at org.apache.tomcat.util.net.SocketProcessorBase.run(SocketProcessorBase.java:49)
	at java.base/java.util.concurrent.ThreadPoolExecutor.runWorker(ThreadPoolExecutor.java:1128)
	at java.base/java.util.concurrent.ThreadPoolExecutor$Worker.run(ThreadPoolExecutor.java:628)
	at org.apache.tomcat.util.threads.TaskThread$WrappingRunnable.run(TaskThread.java:61)
	at java.base/java.lang.Thread.run(Thread.java:834)
2022-05-17 14:14:12,165 ERROR org.apache.juli.logging.DirectJDKLog [http-nio-8002-exec-6] Servlet.service() for servlet [dispatcherServlet] in context with path [/api/vi/rest-items] threw exception [Request processing failed; nested exception is java.lang.IllegalStateException: No instances available for api-productos] with root cause
java.lang.IllegalStateException: No instances available for api-productos
	at org.springframework.cloud.netflix.ribbon.RibbonLoadBalancerClient.execute(RibbonLoadBalancerClient.java:119)
	at org.springframework.cloud.netflix.ribbon.RibbonLoadBalancerClient.execute(RibbonLoadBalancerClient.java:99)
	at org.springframework.cloud.client.loadbalancer.LoadBalancerInterceptor.intercept(LoadBalancerInterceptor.java:58)
	at org.springframework.http.client.InterceptingClientHttpRequest$InterceptingRequestExecution.execute(InterceptingClientHttpRequest.java:92)
	at org.springframework.http.client.InterceptingClientHttpRequest.executeInternal(InterceptingClientHttpRequest.java:76)
	at org.springframework.http.client.AbstractBufferingClientHttpRequest.executeInternal(AbstractBufferingClientHttpRequest.java:48)
	at org.springframework.http.client.AbstractClientHttpRequest.execute(AbstractClientHttpRequest.java:53)
	at org.springframework.web.client.RestTemplate.doExecute(RestTemplate.java:734)
	at org.springframework.web.client.RestTemplate.execute(RestTemplate.java:669)
	at org.springframework.web.client.RestTemplate.getForObject(RestTemplate.java:310)
	at com.ibm.academia.restapi.items.servicios.IArticuloServiceImpl.buscarTodosArticulos(IArticuloServiceImpl.java:21)
	at com.ibm.academia.restapi.items.controladores.ArticuloController.consultarTodoArticulo(ArticuloController.java:43)
	at com.ibm.academia.restapi.items.controladores.ArticuloController$$FastClassBySpringCGLIB$$1fa4892c.invoke(<generated>)
	at org.springframework.cglib.proxy.MethodProxy.invoke(MethodProxy.java:218)
	at org.springframework.aop.framework.CglibAopProxy$CglibMethodInvocation.invokeJoinpoint(CglibAopProxy.java:746)
	at org.springframework.aop.framework.ReflectiveMethodInvocation.proceed(ReflectiveMethodInvocation.java:163)
	at org.springframework.aop.interceptor.ExposeInvocationInterceptor.invoke(ExposeInvocationInterceptor.java:93)
	at org.springframework.aop.framework.ReflectiveMethodInvocation.proceed(ReflectiveMethodInvocation.java:186)
	at org.springframework.aop.framework.CglibAopProxy$DynamicAdvisedInterceptor.intercept(CglibAopProxy.java:688)
	at com.ibm.academia.restapi.items.controladores.ArticuloController$$EnhancerBySpringCGLIB$$ca61f16f.consultarTodoArticulo(<generated>)
	at java.base/jdk.internal.reflect.NativeMethodAccessorImpl.invoke0(Native Method)
	at java.base/jdk.internal.reflect.NativeMethodAccessorImpl.invoke(NativeMethodAccessorImpl.java:62)
	at java.base/jdk.internal.reflect.DelegatingMethodAccessorImpl.invoke(DelegatingMethodAccessorImpl.java:43)
	at java.base/java.lang.reflect.Method.invoke(Method.java:566)
	at org.springframework.web.method.support.InvocableHandlerMethod.doInvoke(InvocableHandlerMethod.java:215)
	at org.springframework.web.method.support.InvocableHandlerMethod.invokeForRequest(InvocableHandlerMethod.java:142)
	at org.springframework.web.servlet.mvc.method.annotation.ServletInvocableHandlerMethod.invokeAndHandle(ServletInvocableHandlerMethod.java:102)
	at org.springframework.web.servlet.mvc.method.annotation.RequestMappingHandlerAdapter.invokeHandlerMethod(RequestMappingHandlerAdapter.java:895)
	at org.springframework.web.servlet.mvc.method.annotation.RequestMappingHandlerAdapter.handleInternal(RequestMappingHandlerAdapter.java:800)
	at org.springframework.web.servlet.mvc.method.AbstractHandlerMethodAdapter.handle(AbstractHandlerMethodAdapter.java:87)
	at org.springframework.web.servlet.DispatcherServlet.doDispatch(DispatcherServlet.java:1038)
	at org.springframework.web.servlet.DispatcherServlet.doService(DispatcherServlet.java:942)
	at org.springframework.web.servlet.FrameworkServlet.processRequest(FrameworkServlet.java:998)
	at org.springframework.web.servlet.FrameworkServlet.doGet(FrameworkServlet.java:890)
	at javax.servlet.http.HttpServlet.service(HttpServlet.java:634)
	at org.springframework.web.servlet.FrameworkServlet.service(FrameworkServlet.java:875)
	at javax.servlet.http.HttpServlet.service(HttpServlet.java:741)
	at org.apache.catalina.core.ApplicationFilterChain.internalDoFilter(ApplicationFilterChain.java:231)
	at org.apache.catalina.core.ApplicationFilterChain.doFilter(ApplicationFilterChain.java:166)
	at org.apache.tomcat.websocket.server.WsFilter.doFilter(WsFilter.java:53)
	at org.apache.catalina.core.ApplicationFilterChain.internalDoFilter(ApplicationFilterChain.java:193)
	at org.apache.catalina.core.ApplicationFilterChain.doFilter(ApplicationFilterChain.java:166)
	at org.springframework.web.filter.RequestContextFilter.doFilterInternal(RequestContextFilter.java:99)
	at org.springframework.web.filter.OncePerRequestFilter.doFilter(OncePerRequestFilter.java:107)
	at org.apache.catalina.core.ApplicationFilterChain.internalDoFilter(ApplicationFilterChain.java:193)
	at org.apache.catalina.core.ApplicationFilterChain.doFilter(ApplicationFilterChain.java:166)
	at org.springframework.web.filter.FormContentFilter.doFilterInternal(FormContentFilter.java:92)
	at org.springframework.web.filter.OncePerRequestFilter.doFilter(OncePerRequestFilter.java:107)
	at org.apache.catalina.core.ApplicationFilterChain.internalDoFilter(ApplicationFilterChain.java:193)
	at org.apache.catalina.core.ApplicationFilterChain.doFilter(ApplicationFilterChain.java:166)
	at org.springframework.web.filter.HiddenHttpMethodFilter.doFilterInternal(HiddenHttpMethodFilter.java:93)
	at org.springframework.web.filter.OncePerRequestFilter.doFilter(OncePerRequestFilter.java:107)
	at org.apache.catalina.core.ApplicationFilterChain.internalDoFilter(ApplicationFilterChain.java:193)
	at org.apache.catalina.core.ApplicationFilterChain.doFilter(ApplicationFilterChain.java:166)
	at org.springframework.web.filter.CharacterEncodingFilter.doFilterInternal(CharacterEncodingFilter.java:200)
	at org.springframework.web.filter.OncePerRequestFilter.doFilter(OncePerRequestFilter.java:107)
	at org.apache.catalina.core.ApplicationFilterChain.internalDoFilter(ApplicationFilterChain.java:193)
	at org.apache.catalina.core.ApplicationFilterChain.doFilter(ApplicationFilterChain.java:166)
	at org.apache.catalina.core.StandardWrapperValve.invoke(StandardWrapperValve.java:199)
	at org.apache.catalina.core.StandardContextValve.invoke(StandardContextValve.java:96)
	at org.apache.catalina.authenticator.AuthenticatorBase.invoke(AuthenticatorBase.java:490)
	at org.apache.catalina.core.StandardHostValve.invoke(StandardHostValve.java:139)
	at org.apache.catalina.valves.ErrorReportValve.invoke(ErrorReportValve.java:92)
	at org.apache.catalina.core.StandardEngineValve.invoke(StandardEngineValve.java:74)
	at org.apache.catalina.connector.CoyoteAdapter.service(CoyoteAdapter.java:343)
	at org.apache.coyote.http11.Http11Processor.service(Http11Processor.java:408)
	at org.apache.coyote.AbstractProcessorLight.process(AbstractProcessorLight.java:66)
	at org.apache.coyote.AbstractProtocol$ConnectionHandler.process(AbstractProtocol.java:770)
	at org.apache.tomcat.util.net.NioEndpoint$SocketProcessor.doRun(NioEndpoint.java:1415)
	at org.apache.tomcat.util.net.SocketProcessorBase.run(SocketProcessorBase.java:49)
	at java.base/java.util.concurrent.ThreadPoolExecutor.runWorker(ThreadPoolExecutor.java:1128)
	at java.base/java.util.concurrent.ThreadPoolExecutor$Worker.run(ThreadPoolExecutor.java:628)
	at org.apache.tomcat.util.threads.TaskThread$WrappingRunnable.run(TaskThread.java:61)
	at java.base/java.lang.Thread.run(Thread.java:834)
2022-05-17 14:14:17,025 INFO com.netflix.discovery.shared.resolver.aws.ConfigClusterResolver [AsyncResolver-bootstrap-executor-0] Resolving eureka endpoints via configuration
2022-05-17 14:14:24,854 INFO com.ibm.academia.restapi.items.controladores.ArticuloController [hystrix-ArticuloController-10] Mensaje: 500 nullcausa: null
2022-05-17 14:14:36,593 INFO com.ibm.academia.restapi.items.controladores.ArticuloController [hystrix-ArticuloController-10] Mensaje: 500 nullcausa: null
2022-05-17 14:14:56,989 INFO com.ibm.academia.restapi.items.controladores.ArticuloController [hystrix-ArticuloController-10] Mensaje: 500 nullcausa: null
2022-05-17 14:15:00,817 INFO com.ibm.academia.restapi.items.controladores.ArticuloController [hystrix-ArticuloController-10] Mensaje: 500 nullcausa: null
2022-05-17 14:15:02,353 INFO com.ibm.academia.restapi.items.controladores.ArticuloController [hystrix-ArticuloController-10] Mensaje: 500 nullcausa: null
2022-05-17 14:15:03,881 INFO com.ibm.academia.restapi.items.controladores.ArticuloController [hystrix-ArticuloController-10] Mensaje: 500 nullcausa: null
2022-05-17 14:15:05,416 INFO com.ibm.academia.restapi.items.controladores.ArticuloController [hystrix-ArticuloController-10] Mensaje: 500 nullcausa: null
2022-05-17 14:15:07,238 INFO com.ibm.academia.restapi.items.controladores.ArticuloController [hystrix-ArticuloController-10] Mensaje: 500 nullcausa: null
2022-05-17 14:15:08,678 INFO com.ibm.academia.restapi.items.controladores.ArticuloController [hystrix-ArticuloController-10] Mensaje: 500 nullcausa: null
2022-05-17 14:15:09,833 INFO com.ibm.academia.restapi.items.controladores.ArticuloController [hystrix-ArticuloController-10] Mensaje: 500 nullcausa: null
2022-05-17 14:15:11,051 INFO com.ibm.academia.restapi.items.controladores.ArticuloController [hystrix-ArticuloController-10] Mensaje: 500 nullcausa: null
2022-05-17 14:15:12,201 INFO com.ibm.academia.restapi.items.controladores.ArticuloController [hystrix-ArticuloController-10] Mensaje: 500 nullcausa: null
2022-05-17 14:15:13,636 INFO com.ibm.academia.restapi.items.controladores.ArticuloController [hystrix-ArticuloController-10] Mensaje: 500 nullcausa: null
2022-05-17 14:15:14,854 INFO com.ibm.academia.restapi.items.controladores.ArticuloController [hystrix-ArticuloController-10] Mensaje: 500 nullcausa: null
2022-05-17 14:15:15,989 INFO com.ibm.academia.restapi.items.controladores.ArticuloController [hystrix-ArticuloController-10] Mensaje: 500 nullcausa: null
2022-05-17 14:15:17,246 INFO com.ibm.academia.restapi.items.controladores.ArticuloController [hystrix-ArticuloController-10] Mensaje: 500 nullcausa: null
2022-05-17 14:15:18,472 INFO com.ibm.academia.restapi.items.controladores.ArticuloController [hystrix-ArticuloController-10] Mensaje: 500 nullcausa: null
2022-05-17 14:15:19,954 INFO com.ibm.academia.restapi.items.controladores.ArticuloController [hystrix-ArticuloController-10] Mensaje: 500 nullcausa: null
2022-05-17 14:15:21,984 INFO com.ibm.academia.restapi.items.controladores.ArticuloController [hystrix-ArticuloController-10] Mensaje: 500 nullcausa: null
2022-05-17 14:15:23,432 INFO com.ibm.academia.restapi.items.controladores.ArticuloController [hystrix-ArticuloController-10] Mensaje: 500 nullcausa: null
2022-05-17 14:15:30,390 INFO com.ibm.academia.restapi.items.controladores.ArticuloController [hystrix-ArticuloController-10] Mensaje: 500 nullcausa: null
2022-05-17 14:15:41,477 INFO com.ibm.academia.restapi.items.controladores.ArticuloController [hystrix-ArticuloController-10] Mensaje: 500 nullcausa: null
2022-05-17 14:15:55,576 INFO com.netflix.loadbalancer.PollingServerListUpdater$LazyHolder$2 [Thread-13] Shutting down the Executor Pool for PollingServerListUpdater
2022-05-17 14:15:55,582 INFO org.springframework.cloud.netflix.eureka.serviceregistry.EurekaServiceRegistry [Thread-9] Unregistering application API-ITEMS with eureka with status DOWN
2022-05-17 14:15:55,583 WARN com.netflix.discovery.DiscoveryClient$3 [Thread-9] Saw local status change event StatusChangeEvent [timestamp=1652814955583, current=DOWN, previous=UP]
2022-05-17 14:15:55,584 INFO com.netflix.discovery.DiscoveryClient [DiscoveryClient-InstanceInfoReplicator-0] DiscoveryClient_API-ITEMS/LAPTOP-IQ104NSE:api-items:8002: registering service...
2022-05-17 14:15:55,598 INFO org.springframework.scheduling.concurrent.ExecutorConfigurationSupport [Thread-9] Shutting down ExecutorService 'applicationTaskExecutor'
2022-05-17 14:15:55,600 INFO com.netflix.discovery.DiscoveryClient [DiscoveryClient-InstanceInfoReplicator-0] DiscoveryClient_API-ITEMS/LAPTOP-IQ104NSE:api-items:8002 - registration status: 204
2022-05-17 14:15:55,628 INFO com.netflix.util.concurrent.ShutdownEnabledTimer [Thread-9] Shutdown hook removed for: NFLoadBalancer-PingTimer-api-productos
2022-05-17 14:15:55,629 INFO com.netflix.util.concurrent.ShutdownEnabledTimer [Thread-9] Exception caught (might be ok if at shutdown)
java.lang.IllegalStateException: Shutdown in progress
	at java.base/java.lang.ApplicationShutdownHooks.remove(ApplicationShutdownHooks.java:82)
	at java.base/java.lang.Runtime.removeShutdownHook(Runtime.java:241)
	at com.netflix.util.concurrent.ShutdownEnabledTimer.cancel(ShutdownEnabledTimer.java:70)
	at com.netflix.loadbalancer.BaseLoadBalancer.cancelPingTask(BaseLoadBalancer.java:632)
	at com.netflix.loadbalancer.BaseLoadBalancer.shutdown(BaseLoadBalancer.java:883)
	at com.netflix.loadbalancer.DynamicServerListLoadBalancer.shutdown(DynamicServerListLoadBalancer.java:285)
	at java.base/jdk.internal.reflect.NativeMethodAccessorImpl.invoke0(Native Method)
	at java.base/jdk.internal.reflect.NativeMethodAccessorImpl.invoke(NativeMethodAccessorImpl.java:62)
	at java.base/jdk.internal.reflect.DelegatingMethodAccessorImpl.invoke(DelegatingMethodAccessorImpl.java:43)
	at java.base/java.lang.reflect.Method.invoke(Method.java:566)
	at org.springframework.beans.factory.support.DisposableBeanAdapter.invokeCustomDestroyMethod(DisposableBeanAdapter.java:337)
	at org.springframework.beans.factory.support.DisposableBeanAdapter.destroy(DisposableBeanAdapter.java:271)
	at org.springframework.beans.factory.support.DefaultSingletonBeanRegistry.destroyBean(DefaultSingletonBeanRegistry.java:571)
	at org.springframework.beans.factory.support.DefaultSingletonBeanRegistry.destroySingleton(DefaultSingletonBeanRegistry.java:543)
	at org.springframework.beans.factory.support.DefaultListableBeanFactory.destroySingleton(DefaultListableBeanFactory.java:1052)
	at org.springframework.beans.factory.support.DefaultSingletonBeanRegistry.destroySingletons(DefaultSingletonBeanRegistry.java:504)
	at org.springframework.beans.factory.support.DefaultListableBeanFactory.destroySingletons(DefaultListableBeanFactory.java:1059)
	at org.springframework.context.support.AbstractApplicationContext.destroyBeans(AbstractApplicationContext.java:1035)
	at org.springframework.context.support.AbstractApplicationContext.doClose(AbstractApplicationContext.java:1011)
	at org.springframework.context.support.AbstractApplicationContext.close(AbstractApplicationContext.java:961)
	at org.springframework.cloud.context.named.NamedContextFactory.destroy(NamedContextFactory.java:92)
	at org.springframework.beans.factory.support.DisposableBeanAdapter.destroy(DisposableBeanAdapter.java:256)
	at org.springframework.beans.factory.support.DefaultSingletonBeanRegistry.destroyBean(DefaultSingletonBeanRegistry.java:571)
	at org.springframework.beans.factory.support.DefaultSingletonBeanRegistry.destroySingleton(DefaultSingletonBeanRegistry.java:543)
	at org.springframework.beans.factory.support.DefaultListableBeanFactory.destroySingleton(DefaultListableBeanFactory.java:1052)
	at org.springframework.beans.factory.support.DefaultSingletonBeanRegistry.destroySingletons(DefaultSingletonBeanRegistry.java:504)
	at org.springframework.beans.factory.support.DefaultListableBeanFactory.destroySingletons(DefaultListableBeanFactory.java:1059)
	at org.springframework.context.support.AbstractApplicationContext.destroyBeans(AbstractApplicationContext.java:1035)
	at org.springframework.context.support.AbstractApplicationContext.doClose(AbstractApplicationContext.java:1011)
	at org.springframework.context.support.AbstractApplicationContext$1.run(AbstractApplicationContext.java:931)
2022-05-17 14:15:55,637 INFO com.netflix.discovery.DiscoveryClient [Thread-9] Shutting down DiscoveryClient ...
2022-05-17 14:15:58,641 INFO com.netflix.discovery.DiscoveryClient [Thread-9] Unregistering ...
2022-05-17 14:15:58,667 INFO com.netflix.discovery.DiscoveryClient [Thread-9] DiscoveryClient_API-ITEMS/LAPTOP-IQ104NSE:api-items:8002 - deregister  status: 200
2022-05-17 14:15:58,716 INFO com.netflix.discovery.DiscoveryClient [Thread-9] Completed shut down of DiscoveryClient
